This is pdfTeX, Version 3.141592-1.40.3 (Web2C 7.5.6) (format=latex 2009.10.24)  27 DEC 2009 08:00
entering extended mode
**theperlreview.tex
(./theperlreview.tex
LaTeX2e <2005/12/01>
Babel <v3.8h> and hyphenation patterns for english, usenglishmax, dumylang, noh
yphenation, arabic, basque, bulgarian, coptic, welsh, czech, slovak, german, ng
erman, danish, esperanto, spanish, catalan, galician, estonian, farsi, finnish,
 french, greek, monogreek, ancientgreek, croatian, hungarian, interlingua, ibyc
us, indonesian, icelandic, italian, latin, mongolian, dutch, norsk, polish, por
tuguese, pinyin, romanian, russian, slovenian, uppersorbian, serbian, swedish, 
turkish, ukenglish, ukrainian, loaded.
(/opt/local/share/texmf-dist/tex/latex/base/article.cls
Document Class: article 2005/09/16 v1.4f Standard LaTeX document class
(/opt/local/share/texmf-dist/tex/latex/base/size10.clo
File: size10.clo 2005/09/16 v1.4f Standard LaTeX file (size option)
)
\c@part=\count79
\c@section=\count80
\c@subsection=\count81
\c@subsubsection=\count82
\c@paragraph=\count83
\c@subparagraph=\count84
\c@figure=\count85
\c@table=\count86
\abovecaptionskip=\skip41
\belowcaptionskip=\skip42
\bibindent=\dimen102
) (./latex8.sty
IEEE 8.5 x 11-Inch Proceedings Style `latex8.sty'.
\@ctmp=\skip43
\@figindent=\skip44
) (/opt/local/share/texmf-dist/tex/latex/psnfss/times.sty
Package: times 2005/04/12 PSNFSS-v9.2a (SPQR) 
)
(/opt/local/share/texmf-dist/tex/latex/graphics/graphics.sty
Package: graphics 2006/02/20 v1.0o Standard LaTeX Graphics (DPC,SPQR)

(/opt/local/share/texmf-dist/tex/latex/graphics/trig.sty
Package: trig 1999/03/16 v1.09 sin cos tan (DPC)
)
(/opt/local/share/texmf/tex/latex/config/graphics.cfg
File: graphics.cfg 2007/01/18 v1.5 graphics configuration of teTeX/TeXLive
)
Package graphics Info: Driver file: dvips.def on input line 90.

(/opt/local/share/texmf-dist/tex/latex/graphics/dvips.def
File: dvips.def 1999/02/16 v3.0i Driver-dependant file (DPC,SPQR)
))
(/opt/local/share/texmf-local/tex/latex/html/html.sty
(/opt/local/share/texmf-dist/tex/latex/hyperref/hyperref.sty
Package: hyperref 2007/02/07 v6.75r Hypertext links for LaTeX

(/opt/local/share/texmf-dist/tex/latex/graphics/keyval.sty
Package: keyval 1999/03/16 v1.13 key=value parser (DPC)
\KV@toks@=\toks14
)
\@linkdim=\dimen103
\Hy@linkcounter=\count87
\Hy@pagecounter=\count88

(/opt/local/share/texmf-dist/tex/latex/hyperref/pd1enc.def
File: pd1enc.def 2007/02/07 v6.75r Hyperref: PDFDocEncoding definition (HO)
)
(/opt/local/share/texmf/tex/latex/config/hyperref.cfg
File: hyperref.cfg 2002/06/06 v1.2 hyperref configuration of TeXLive
)
(/opt/local/share/texmf-dist/tex/latex/oberdiek/kvoptions.sty
Package: kvoptions 2006/08/22 v2.4 Connects package keyval with LaTeX options (
HO)
)
Package hyperref Info: Hyper figures OFF on input line 2288.
Package hyperref Info: Link nesting OFF on input line 2293.
Package hyperref Info: Hyper index ON on input line 2296.
Package hyperref Info: Plain pages OFF on input line 2303.
Package hyperref Info: Backreferencing OFF on input line 2308.

Implicit mode ON; LaTeX internals redefined
Package hyperref Info: Bookmarks ON on input line 2444.
(/opt/local/share/texmf-local/tex/latex/html/url.sty
Package: url 1999/03/02  ver 1.4  Verb mode for urls, email addresses, and file
 names
)
LaTeX Info: Redefining \url on input line 2599.
\Fld@menulength=\count89
\Field@Width=\dimen104
\Fld@charsize=\dimen105
\Choice@toks=\toks15
\Field@toks=\toks16
Package hyperref Info: Hyper figures OFF on input line 3102.
Package hyperref Info: Link nesting OFF on input line 3107.
Package hyperref Info: Hyper index ON on input line 3110.
Package hyperref Info: backreferencing OFF on input line 3117.
Package hyperref Info: Link coloring OFF on input line 3122.
\Hy@abspage=\count90
\c@Item=\count91
\c@Hfootnote=\count92
)
*hyperref using default driver hdvips*
(/opt/local/share/texmf-dist/tex/latex/hyperref/hdvips.def
File: hdvips.def 2007/02/07 v6.75r Hyperref driver for dvips

(/opt/local/share/texmf-dist/tex/latex/hyperref/pdfmark.def
File: pdfmark.def 2007/02/07 v6.75r Hyperref definitions for pdfmark specials
\pdf@docset=\toks17
\pdf@box=\box26
\pdf@toks=\toks18
\pdf@defaulttoks=\toks19
\Fld@listcount=\count93
))
Package: html 1999/07/19 v1.38 hypertext commands for latex2html (nd, hws, rrm)

\c@lpart=\count94
\c@lchapter=\count95
\c@chapter=\count96
\c@lsection=\count97
\c@lsubsection=\count98
\c@lsubsubsection=\count99
\c@lparagraph=\count100
\c@lsubparagraph=\count101
\c@lsubsubparagraph=\count102
\ptrfile=\write3
)

LaTeX Warning: Unused global option(s):
    [times].

(./theperlreview.aux)
\openout1 = `theperlreview.aux'.

LaTeX Font Info:    Checking defaults for OML/cmm/m/it on input line 47.
LaTeX Font Info:    ... okay on input line 47.
LaTeX Font Info:    Checking defaults for T1/cmr/m/n on input line 47.
LaTeX Font Info:    ... okay on input line 47.
LaTeX Font Info:    Checking defaults for OT1/cmr/m/n on input line 47.
LaTeX Font Info:    ... okay on input line 47.
LaTeX Font Info:    Checking defaults for OMS/cmsy/m/n on input line 47.
LaTeX Font Info:    ... okay on input line 47.
LaTeX Font Info:    Checking defaults for OMX/cmex/m/n on input line 47.
LaTeX Font Info:    ... okay on input line 47.
LaTeX Font Info:    Checking defaults for U/cmr/m/n on input line 47.
LaTeX Font Info:    ... okay on input line 47.
LaTeX Font Info:    Checking defaults for PD1/pdf/m/n on input line 47.
LaTeX Font Info:    ... okay on input line 47.
LaTeX Font Info:    Try loading font information for OT1+ptm on input line 47.
 (/opt/local/share/texmf-dist/tex/latex/psnfss/ot1ptm.fd
File: ot1ptm.fd 2001/06/04 font definitions for OT1/ptm.
)
Package hyperref Info: Link coloring OFF on input line 47.

(/opt/local/share/texmf-dist/tex/latex/hyperref/nameref.sty
Package: nameref 2006/12/27 v2.28 Cross-referencing by name of section

(/opt/local/share/texmf-dist/tex/latex/oberdiek/refcount.sty
Package: refcount 2006/02/20 v3.0 Data extraction from references (HO)
)
\c@section@level=\count103
)
LaTeX Info: Redefining \ref on input line 47.
LaTeX Info: Redefining \pageref on input line 47.

(./theperlreview.out) (./theperlreview.out)
\@outlinefile=\write4
\openout4 = `theperlreview.out'.

LaTeX Font Info:    Font shape `OT1/ptm/bx/n' in size <14.4> not available
(Font)              Font shape `OT1/ptm/b/n' tried instead on input line 50.
LaTeX Font Info:    Try loading font information for OT1+pcr on input line 50.

(/opt/local/share/texmf-dist/tex/latex/psnfss/ot1pcr.fd
File: ot1pcr.fd 2001/06/04 font definitions for OT1/pcr.
)
LaTeX Font Info:    External font `cmex10' loaded for size
(Font)              <12> on input line 50.
LaTeX Font Info:    External font `cmex10' loaded for size
(Font)              <8> on input line 50.
LaTeX Font Info:    External font `cmex10' loaded for size
(Font)              <6> on input line 50.
LaTeX Font Info:    Font shape `OT1/ptm/bx/n' in size <12> not available
(Font)              Font shape `OT1/ptm/b/n' tried instead on input line 69.
 (./introduction.tex
[1

]) (./parrot.tex [2]
LaTeX Font Info:    Try loading font information for OMS+ptm on input line 24.
 (/opt/local/share/texmf-dist/tex/latex/psnfss/omsptm.fd
File: omsptm.fd 
)
LaTeX Font Info:    Font shape `OMS/ptm/m/n' in size <10> not available
(Font)              Font shape `OMS/cmsy/m/n' tried instead on input line 24.
LaTeX Font Info:    Font shape `OT1/ptm/bx/n' in size <10> not available
(Font)              Font shape `OT1/ptm/b/n' tried instead on input line 24.
Missing character: There is no â in font ptmr7t!
Missing character: There is no € in font ptmr7t!
Missing character: There is no ” in font ptmr7t!
[3] [4]) (./phases.tex [5]) (./lexicalanalysis.tex) (./syntacticanalysis.tex
[6] [7] [8]
LaTeX Font Info:    External font `cmex10' loaded for size
(Font)              <7> on input line 221.
LaTeX Font Info:    External font `cmex10' loaded for size
(Font)              <5> on input line 221.

Overfull \hbox (13.14375pt too wide) in paragraph at lines 247--247
[]\OT1/pcr/m/n/10 ~/LEyapp/examples/ParsingStringsAndTrees$ perl -wd infix2pir.
pl  # start the debugger[] 
 []


Overfull \hbox (19.14375pt too wide) in paragraph at lines 247--247
[]\OT1/pcr/m/n/10 line_3(EXPS(sts_5(ASSIGN(VAR(TERMINAL[b]),TIMES(NUM(TERMINAL[
2]),VAR(TERMINAL[a]))))))[] 
 []

[9]
Overfull \hbox (24.00032pt too wide) in paragraph at lines 321--332
[]\OT1/ptm/m/n/10 The node []\OT1/pcr/m/n/10 exp_14 \OT1/ptm/m/n/10 has dis-a-p
eared in this ver-sion since the \OT1/ptm/m/it/10 by-pass op-er-a-tion \OT1/ptm
/m/n/10 ap-plies to the rhs of the rule []\OT1/pcr/m/n/10 exp: '(' exp ')'\OT1/
ptm/m/n/10 :
 []

) [10] (./machineindependentoptimizations.tex
Overfull \hbox (49.14375pt too wide) in paragraph at lines 29--29
[]    \OT1/pcr/m/n/10 croak "Unexpected tree shape: ".$_[0]->str." can't find n
umber in the expected place\n"[] 
 []

[11]
Overfull \hbox (49.14375pt too wide) in paragraph at lines 141--141
[]  \OT1/pcr/m/n/10 DB<1> l 41,52                                           # l
et us remind the code involved[] 
 []


Overfull \hbox (31.14375pt too wide) in paragraph at lines 141--141
[]  \OT1/pcr/m/n/10 DB<2> c 48                                               # 
get input and build the AST[] 
 []


Overfull \hbox (67.14375pt too wide) in paragraph at lines 141--141
[]\OT1/pcr/m/n/10 EXPS(ASSIGN(VAR[a],TIMES(TIMES(NUM[2],PLUS(VAR[a],VAR[b])),MI
NUS(NUM[2],DIV(NUM[4],NUM[2])))))[] 
 []

) (./addressassign.tex [12] [13]
Overfull \hbox (5.93053pt too wide) in paragraph at lines 127--147
\OT1/ptm/m/n/10 method []\OT1/pcr/m/n/10 info \OT1/ptm/m/n/10 it will be ex-e-c
uted and its re-sult in-serted be-tween []\OT1/pcr/m/n/10 $DELIMITER\OT1/ptm/m/
n/10 s into the string. The []\OT1/pcr/m/n/10 Parse::Eyapp::Node
 []

) (./codegeneration.tex [14]) (./peephole.tex [15]) (./output.tex) [16]
(./theperlreview.bbl) [17] (./theperlreview.aux) ) 
Here is how much of TeX's memory you used:
 2839 strings out of 94074
 39618 string characters out of 1164819
 98239 words of memory out of 1500000
 6094 multiletter control sequences out of 10000+50000
 15111 words of font info for 41 fonts, out of 1200000 for 2000
 646 hyphenation exceptions out of 8191
 32i,8n,36p,226b,486s stack positions out of 5000i,500n,6000p,200000b,5000s

Output written on theperlreview.dvi (17 pages, 70108 bytes).
